SF:D:\ООАиП\SpaceBattle.Lib\Angle\Angle.cs
FN:15,System.Int32 SpaceBattle.Lib.Angle::GCD(System.Int32,System.Int32)
FNDA:17,System.Int32 SpaceBattle.Lib.Angle::GCD(System.Int32,System.Int32)
DA:16,17
DA:17,17
DA:18,17
BRDA:17,2,0,12
BRDA:17,2,1,5
FN:19,System.String SpaceBattle.Lib.Angle::ToString()
FNDA:1,System.String SpaceBattle.Lib.Angle::ToString()
DA:20,1
DA:21,1
DA:22,1
FN:23,SpaceBattle.Lib.Angle SpaceBattle.Lib.Angle::op_Addition(SpaceBattle.Lib.Angle,SpaceBattle.Lib.Angle)
FNDA:5,SpaceBattle.Lib.Angle SpaceBattle.Lib.Angle::op_Addition(SpaceBattle.Lib.Angle,SpaceBattle.Lib.Angle)
DA:24,5
DA:25,20
DA:26,5
DA:27,5
DA:28,5
DA:29,5
DA:30,5
DA:31,5
DA:32,5
DA:34,0
DA:35,0
DA:36,0
DA:37,0
DA:38,0
DA:39,0
DA:42,0
DA:43,0
DA:44,0
DA:45,0
DA:46,0
DA:49,5
BRDA:26,29,0,5
BRDA:26,29,1,0
BRDA:34,121,0,0
BRDA:34,121,1,0
FN:50,System.Boolean SpaceBattle.Lib.Angle::op_Equality(SpaceBattle.Lib.Angle,SpaceBattle.Lib.Angle)
FNDA:2,System.Boolean SpaceBattle.Lib.Angle::op_Equality(SpaceBattle.Lib.Angle,SpaceBattle.Lib.Angle)
DA:51,2
DA:52,2
DA:53,2
FN:54,System.Boolean SpaceBattle.Lib.Angle::op_Inequality(SpaceBattle.Lib.Angle,SpaceBattle.Lib.Angle)
FNDA:1,System.Boolean SpaceBattle.Lib.Angle::op_Inequality(SpaceBattle.Lib.Angle,SpaceBattle.Lib.Angle)
DA:55,1
DA:56,1
DA:57,1
FN:58,System.Boolean SpaceBattle.Lib.Angle::Equals(System.Object)
FNDA:6,System.Boolean SpaceBattle.Lib.Angle::Equals(System.Object)
DA:59,6
DA:60,6
DA:61,6
DA:62,6
BRDA:60,9,0,5
BRDA:60,9,1,1
FN:63,System.Int32 SpaceBattle.Lib.Angle::GetHashCode()
FNDA:2,System.Int32 SpaceBattle.Lib.Angle::GetHashCode()
DA:64,2
DA:65,2
DA:66,2
FN:5,System.Void SpaceBattle.Lib.Angle::.ctor(System.Int32,System.Int32)
FNDA:29,System.Void SpaceBattle.Lib.Angle::.ctor(System.Int32,System.Int32)
DA:6,29
DA:7,29
DA:8,29
DA:9,29
DA:10,29
DA:11,1
DA:12,1
DA:14,28
BRDA:10,33,0,1
BRDA:10,33,1,28
LF:48
LH:37
BRF:10
BRH:7
FNF:8
FNH:8
end_of_record
SF:D:\ООАиП\SpaceBattle.Lib\Move\Game.Movement.Stragies.cs
FN:7,System.Object SpaceBattle.Lib.MovementStrategy::RunStrategy(System.Object[])
FNDA:2,System.Object SpaceBattle.Lib.MovementStrategy::RunStrategy(System.Object[])
DA:8,2
DA:9,2
DA:10,2
DA:12,2
DA:14,2
DA:16,2
DA:17,2
DA:19,2
DA:26,2
LF:9
LH:9
BRF:0
BRH:0
FNF:1
FNH:1
end_of_record
SF:D:\ООАиП\SpaceBattle.Lib\Move\MoveCommand.cs
FN:10,System.Void SpaceBattle.Lib.MoveCommand::execute()
FNDA:4,System.Void SpaceBattle.Lib.MoveCommand::execute()
DA:11,4
DA:12,4
DA:13,1
FN:5,System.Void SpaceBattle.Lib.MoveCommand::.ctor(SpaceBattle.Lib.IMovable)
FNDA:4,System.Void SpaceBattle.Lib.MoveCommand::.ctor(SpaceBattle.Lib.IMovable)
DA:6,4
DA:7,4
DA:8,4
DA:9,4
LF:7
LH:7
BRF:0
BRH:0
FNF:2
FNH:2
end_of_record
SF:D:\ООАиП\SpaceBattle.Lib\Move\SetupCommand.cs
FN:5,System.Object SpaceBattle.Lib.SetupCommandStrategy::RunStrategy(System.Object[])
FNDA:1,System.Object SpaceBattle.Lib.SetupCommandStrategy::RunStrategy(System.Object[])
DA:6,1
DA:7,1
DA:8,1
DA:9,1
DA:10,1
LF:5
LH:5
BRF:0
BRH:0
FNF:1
FNH:1
end_of_record
SF:D:\ООАиП\SpaceBattle.Lib\Move\StartMoveCommand.cs
FN:13,System.Void SpaceBattle.Lib.StartMoveCommand::execute()
FNDA:3,System.Void SpaceBattle.Lib.StartMoveCommand::execute()
DA:14,3
DA:15,5
DA:17,1
DA:18,1
DA:19,1
DA:21,1
FN:8,System.Void SpaceBattle.Lib.StartMoveCommand::.ctor(SpaceBattle.Lib.IMoveStartable)
FNDA:3,System.Void SpaceBattle.Lib.StartMoveCommand::.ctor(SpaceBattle.Lib.IMoveStartable)
DA:9,3
DA:10,3
DA:11,3
DA:12,3
LF:10
LH:10
BRF:0
BRH:0
FNF:2
FNH:2
end_of_record
SF:D:\ООАиП\SpaceBattle.Lib\Move\StopMoveCommand.cs
FN:14,System.Void SpaceBattle.Lib.StopMoveCommand::execute()
FNDA:3,System.Void SpaceBattle.Lib.StopMoveCommand::execute()
DA:15,3
DA:16,5
DA:18,1
DA:19,1
FN:8,System.Void SpaceBattle.Lib.StopMoveCommand::.ctor(SpaceBattle.Lib.IMoveStopable)
FNDA:3,System.Void SpaceBattle.Lib.StopMoveCommand::.ctor(SpaceBattle.Lib.IMoveStopable)
DA:9,3
DA:10,3
DA:11,3
DA:12,3
LF:8
LH:8
BRF:0
BRH:0
FNF:2
FNH:2
end_of_record
SF:D:\ООАиП\SpaceBattle.Lib\Rotate\RotateCommand.cs
FN:10,System.Void SpaceBattle.Lib.RotateCommand::execute()
FNDA:4,System.Void SpaceBattle.Lib.RotateCommand::execute()
DA:11,4
DA:12,4
DA:13,1
FN:5,System.Void SpaceBattle.Lib.RotateCommand::.ctor(SpaceBattle.Lib.IRotatable)
FNDA:4,System.Void SpaceBattle.Lib.RotateCommand::.ctor(SpaceBattle.Lib.IRotatable)
DA:6,4
DA:7,4
DA:8,4
DA:9,4
LF:7
LH:7
BRF:0
BRH:0
FNF:2
FNH:2
end_of_record
SF:D:\ООАиП\SpaceBattle.Lib\Vector\Vector.cs
FN:11,System.String SpaceBattle.Lib.Vector::ToString()
FNDA:1,System.String SpaceBattle.Lib.Vector::ToString()
DA:12,1
DA:13,1
DA:14,6
DA:15,2
DA:16,2
DA:17,3
DA:18,1
DA:19,2
DA:20,1
DA:21,1
BRDA:14,96,1,2
BRDA:17,52,0,1
BRDA:17,52,1,1
BRDA:14,96,0,1
FN:22,SpaceBattle.Lib.Vector SpaceBattle.Lib.Vector::op_Addition(SpaceBattle.Lib.Vector,SpaceBattle.Lib.Vector)
FNDA:4,SpaceBattle.Lib.Vector SpaceBattle.Lib.Vector::op_Addition(SpaceBattle.Lib.Vector,SpaceBattle.Lib.Vector)
DA:23,4
DA:24,5
DA:25,18
DA:26,6
DA:27,6
DA:28,6
DA:29,3
DA:30,3
BRDA:24,20,0,1
BRDA:24,20,1,3
BRDA:25,73,1,6
BRDA:25,73,0,3
FN:31,System.Boolean SpaceBattle.Lib.Vector::op_Equality(SpaceBattle.Lib.Vector,SpaceBattle.Lib.Vector)
FNDA:3,System.Boolean SpaceBattle.Lib.Vector::op_Equality(SpaceBattle.Lib.Vector,SpaceBattle.Lib.Vector)
DA:32,3
DA:33,4
DA:34,12
DA:35,1
DA:36,3
BRDA:33,20,0,1
BRDA:33,20,1,2
BRDA:34,76,1,3
BRDA:34,53,0,1
BRDA:34,53,1,2
BRDA:34,76,0,1
FN:37,System.Boolean SpaceBattle.Lib.Vector::op_Inequality(SpaceBattle.Lib.Vector,SpaceBattle.Lib.Vector)
FNDA:1,System.Boolean SpaceBattle.Lib.Vector::op_Inequality(SpaceBattle.Lib.Vector,SpaceBattle.Lib.Vector)
DA:38,1
DA:39,1
DA:40,1
FN:42,System.Double SpaceBattle.Lib.Vector::get_Item(System.Int32)
FNDA:2,System.Double SpaceBattle.Lib.Vector::get_Item(System.Int32)
DA:43,2
FN:43,System.Void SpaceBattle.Lib.Vector::set_Item(System.Int32,System.Double)
FNDA:1,System.Void SpaceBattle.Lib.Vector::set_Item(System.Int32,System.Double)
DA:44,1
FN:46,System.Boolean SpaceBattle.Lib.Vector::Equals(System.Object)
FNDA:4,System.Boolean SpaceBattle.Lib.Vector::Equals(System.Object)
DA:47,4
DA:48,4
DA:49,4
BRDA:48,9,0,3
BRDA:48,9,1,1
FN:50,System.Int32 SpaceBattle.Lib.Vector::GetHashCode()
FNDA:6,System.Int32 SpaceBattle.Lib.Vector::GetHashCode()
DA:51,6
FN:5,System.Void SpaceBattle.Lib.Vector::.ctor(System.Double[])
FNDA:29,System.Void SpaceBattle.Lib.Vector::.ctor(System.Double[])
DA:6,29
DA:7,29
DA:8,29
DA:9,29
DA:10,29
LF:37
LH:37
BRF:16
BRH:16
FNF:9
FNH:9
end_of_record